<?xml version="1.0" encoding="UTF-8"?>
<!-- Generated by org.testng.reporters.JUnitReportReporter -->
<testsuite skipped="0" hostname="DESKTOP-RMI4DDN" name="com.test.testcases.LoginPageTest" tests="3" failures="0" timestamp="19 Dec 2018 17:11:38 GMT" time="67.193" errors="0">
  <testcase name="loginPageTitleTest" time="24.887" classname="com.test.testcases.LoginPageTest"/>
  <testcase name="loginPageLogoTest" time="14.197" classname="com.test.testcases.LoginPageTest"/>
  <testcase name="loginTest" time="28.109" classname="com.test.testcases.LoginPageTest"/>
</testsuite> <!-- com.test.testcases.LoginPageTest -->
