<?xml version="1.0" encoding="UTF-8"?>
<!-- Generated by org.testng.reporters.JUnitReportReporter -->
<testsuite skipped="0" hostname="1P0H9F2" name="com.test.testcases.HomePageTest" tests="1" failures="0" timestamp="19 Dec 2018 14:26:13 GMT" time="20.156" errors="0">
  <testcase name="verifyContactsLinkTest" time="20.156" classname="com.test.testcases.HomePageTest"/>
</testsuite> <!-- com.test.testcases.HomePageTest -->
