<?xml version="1.0" encoding="UTF-8"?>
<!-- Generated by org.testng.reporters.JUnitReportReporter -->
<testsuite skipped="0" hostname="1P0H9F2" name="com.test.testcases.LoginPageTest" tests="3" failures="0" timestamp="19 Dec 2018 11:22:32 GMT" time="48.302" errors="0">
  <testcase name="loginPageTitleTest" time="12.159" classname="com.test.testcases.LoginPageTest"/>
  <testcase name="loginPageLogoTest" time="14.483" classname="com.test.testcases.LoginPageTest"/>
  <testcase name="loginTest" time="21.660" classname="com.test.testcases.LoginPageTest"/>
</testsuite> <!-- com.test.testcases.LoginPageTest -->
