<?xml version="1.0" encoding="UTF-8"?>
<!-- Generated by org.testng.reporters.JUnitReportReporter -->
<testsuite skipped="0" hostname="1P0H9F2" name="com.test.testcases.LoginPageTest" tests="3" failures="0" timestamp="18 Dec 2018 10:54:39 GMT" time="29.230" errors="0">
  <testcase name="loginPageTitleTest" time="8.205" classname="com.test.testcases.LoginPageTest"/>
  <testcase name="loginPageLogoTest" time="10.728" classname="com.test.testcases.LoginPageTest"/>
  <testcase name="loginTest" time="10.297" classname="com.test.testcases.LoginPageTest"/>
</testsuite> <!-- com.test.testcases.LoginPageTest -->
