<?xml version="1.0" encoding="UTF-8"?>
<!-- Generated by org.testng.reporters.JUnitReportReporter -->
<testsuite skipped="0" hostname="1P0H9F2" name="com.test.testcases.LoginPageTest" tests="1" failures="0" timestamp="21 Dec 2018 13:48:30 GMT" time="18.319" errors="0">
  <testcase name="loginTest" time="18.319" classname="com.test.testcases.LoginPageTest"/>
</testsuite> <!-- com.test.testcases.LoginPageTest -->
