<?xml version="1.0" encoding="UTF-8"?>
<!-- Generated by org.testng.reporters.JUnitReportReporter -->
<testsuite skipped="0" hostname="DESKTOP-RMI4DDN" name="com.test.testcases.HomePageTest" tests="3" failures="0" timestamp="19 Dec 2018 17:16:08 GMT" time="78.492" errors="0">
  <testcase name="homePageTitleTest" time="24.754" classname="com.test.testcases.HomePageTest"/>
  <testcase name="verifyUsernameTest" time="26.456" classname="com.test.testcases.HomePageTest"/>
  <testcase name="verifyContactsLinkTest" time="27.282" classname="com.test.testcases.HomePageTest"/>
</testsuite> <!-- com.test.testcases.HomePageTest -->
